<?xml version="1.0" encoding="UTF-8"?>
<!-- Generated by org.testng.reporters.JUnitReportReporter -->
<testsuite hostname="Gersons-Air" failures="0" tests="1" name="tests.SignUpTest" time="31.653" errors="0" timestamp="2023-01-30T11:02:47 EST" skipped="0">
  <testcase classname="tests.SignUpTest" name="signUpPageTests" time="31.653"/>
  <system-out/>
</testsuite> <!-- tests.SignUpTest -->
