<?xml version="1.0" encoding="UTF-8"?>
<!-- Generated by org.testng.reporters.JUnitReportReporter -->
<testsuite hostname="Gersons-Air" failures="0" tests="2" name="pages.SauceDemoLoginTests" time="0.015" errors="0" timestamp="2023-01-14T22:15:02 EST" skipped="0">
  <testcase classname="pages.SauceDemoLoginTests" name="credentialTest" time="0.003"/>
  <system-out/>
  <testcase classname="pages.SauceDemoLoginTests" name="credentialTest" time="0.012"/>
  <system-out/>
</testsuite> <!-- pages.SauceDemoLoginTests -->
